<?xml version="1.0" encoding="UTF-8"?>
<robot generator="Robot 7.0 (Python 3.12.1 on win32)" generated="2024-05-27T23:37:41.056413" rpa="false" schemaversion="5">
<suite id="s1" name="paginaInicial" source="c:\Programação\Tests\Curso Raro\Exercício 09\android\features\paginaInicial.robot">
<test id="s1-t1" name="Usuário deve conseguir omitir os valores pessoais de sua conta ao clicar na funcionalidade de mostrar/ocultar valores" line="183">
<kw name="Abrir App" owner="config" type="SETUP">
<kw name="Open Application" owner="AppiumLibrary">
<arg>http://127.0.0.1:4723</arg>
<arg>automationName=${ANDROID_AUTOMATION_NAME}</arg>
<arg>platformName=${ANDROID_PLATFORM_NAME}</arg>
<arg>platformVersion=${ANDROID_PLATFORM_VERSION}</arg>
<arg>appPackage=${APP_PACKAGE}</arg>
<arg>appActivity=${APP_ACTIVITY}</arg>
<doc>Opens a new application to given Appium server.
Capabilities of appium server, Android and iOS,
Please check https://github.com/appium/appium/blob/master/docs/en/writing-running-appium/server-args.md
| *Option*            | *Man.* | *Description*     |
| remote_url          | Yes    | Appium server url |
| alias               | no     | alias             |
| strict_ssl          | No     | allows you to send commands to an invalid certificate host like a self-signed one. |</doc>
<status status="PASS" start="2024-05-27T23:37:41.434939" elapsed="11.308610"/>
</kw>
<status status="PASS" start="2024-05-27T23:37:41.432938" elapsed="11.311613"/>
</kw>
<kw name="Quando acesso a página inicial do Aplicativo" owner="paginaInicialPage">
<kw name="Wait Until Page Contains Element" owner="AppiumLibrary">
<msg time="2024-05-27T23:37:53.516158" level="INFO">xpath criteria: //android.widget.ScrollView/android.widget.HorizontalScrollView[1]</msg>
<arg>${secaoBotoes}</arg>
<doc>Waits until element specified with `locator` appears on current page.</doc>
<status status="PASS" start="2024-05-27T23:37:52.747551" elapsed="0.770607"/>
</kw>
<kw name="Wait Until Page Contains Element" owner="AppiumLibrary">
<msg time="2024-05-27T23:37:53.583159" level="INFO">xpath criteria: //android.view.View[@content-desc="Meus cartões"]</msg>
<arg>${botaoMeusCartoes}</arg>
<doc>Waits until element specified with `locator` appears on current page.</doc>
<status status="PASS" start="2024-05-27T23:37:53.518158" elapsed="0.065001"/>
</kw>
<kw name="Wait Until Page Contains Element" owner="AppiumLibrary">
<msg time="2024-05-27T23:37:53.635158" level="INFO">xpath criteria: //android.view.View[contains(@content-desc, "disponíveis para empréstimo.")]</msg>
<arg>${mensagemDisponivelEmprestimo}</arg>
<doc>Waits until element specified with `locator` appears on current page.</doc>
<status status="PASS" start="2024-05-27T23:37:53.583159" elapsed="0.053000"/>
</kw>
<kw name="Wait Until Page Contains Element" owner="AppiumLibrary">
<msg time="2024-05-27T23:37:53.682159" level="INFO">xpath criteria: //android.widget.FrameLayout[@resource-id="android:id/content"]/android.widget.FrameLayout/android.view.View/android.view.View/android.view.View/android.view.View</msg>
<arg>${telaInicial}</arg>
<doc>Waits until element specified with `locator` appears on current page.</doc>
<status status="PASS" start="2024-05-27T23:37:53.636159" elapsed="0.046000"/>
</kw>
<status status="PASS" start="2024-05-27T23:37:52.747551" elapsed="0.934608"/>
</kw>
<kw name="E clico na funcionalidade de mostrar/ocultar valores da tela" owner="paginaInicialPage">
<kw name="Wait Until Page Contains Element" owner="AppiumLibrary">
<msg time="2024-05-27T23:37:53.731159" level="INFO">xpath criteria: //android.widget.ScrollView/android.widget.Button[1]</msg>
<arg>${botaoOcultarValores}</arg>
<doc>Waits until element specified with `locator` appears on current page.</doc>
<status status="PASS" start="2024-05-27T23:37:53.683158" elapsed="0.048001"/>
</kw>
<kw name="Click Element" owner="AppiumLibrary">
<msg time="2024-05-27T23:37:53.734158" level="INFO">Clicking element 'xpath=//android.widget.ScrollView/android.widget.Button[1]'.</msg>
<msg time="2024-05-27T23:37:53.868159" level="INFO">xpath criteria: //android.widget.ScrollView/android.widget.Button[1]</msg>
<arg>${botaoOcultarValores}</arg>
<doc>Click element identified by `locator`.</doc>
<status status="PASS" start="2024-05-27T23:37:53.731159" elapsed="0.137000"/>
</kw>
<status status="PASS" start="2024-05-27T23:37:53.683158" elapsed="0.186000"/>
</kw>
<kw name="Então os valores da conta e do cartão de crédito devem ser ocultados" owner="paginaInicialPage">
<kw name="Get Element Attribute" owner="AppiumLibrary">
<msg time="2024-05-27T23:37:53.870159" level="WARN">Keyword 'Get Element Attribute' found both from a custom library 'AppiumLibrary' and a standard library 'XML'. The custom keyword is used. To select explicitly, and to get rid of this warning, use either 'AppiumLibrary.Get Element Attribute' or 'XML.Get Element Attribute'.</msg>
<msg time="2024-05-27T23:37:54.781696" level="INFO">Element 'xpath=//android.view.View[contains(@content-desc, 'Conta')]' attribute 'content-desc' value 'Conta' </msg>
<msg time="2024-05-27T23:37:54.781696" level="INFO">xpath criteria: //android.view.View[contains(@content-desc, 'Conta')]</msg>
<msg time="2024-05-27T23:37:54.782694" level="INFO">${texto} = Conta</msg>
<var>${texto}</var>
<arg>${infoSaldoConta}</arg>
<arg>content-desc</arg>
<doc>Get element attribute using given attribute: name, value,...</doc>
<status status="PASS" start="2024-05-27T23:37:53.870159" elapsed="0.912535"/>
</kw>
<kw name="Should Be Equal" owner="BuiltIn">
<arg>${texto}</arg>
<arg>Conta</arg>
<doc>Fails if the given objects are unequal.</doc>
<status status="PASS" start="2024-05-27T23:37:54.782694" elapsed="0.000000"/>
</kw>
<kw name="Get Element Attribute" owner="AppiumLibrary">
<msg time="2024-05-27T23:37:54.782694" level="WARN">Keyword 'Get Element Attribute' found both from a custom library 'AppiumLibrary' and a standard library 'XML'. The custom keyword is used. To select explicitly, and to get rid of this warning, use either 'AppiumLibrary.Get Element Attribute' or 'XML.Get Element Attribute'.</msg>
<msg time="2024-05-27T23:37:54.871693" level="INFO">Element 'xpath=//android.view.View[contains(@content-desc, "Cartão de Crédito
Fatura atual")]' attribute 'content-desc' value 'Cartão de Crédito
Fatura atual' </msg>
<msg time="2024-05-27T23:37:54.871693" level="INFO">xpath criteria: //android.view.View[contains(@content-desc, "Cartão de Crédito
Fatura atual")]</msg>
<msg time="2024-05-27T23:37:54.871693" level="INFO">${texto} = Cartão de Crédito
Fatura atual</msg>
<var>${texto}</var>
<arg>${mensagemFaturaAtual}</arg>
<arg>content-desc</arg>
<doc>Get element attribute using given attribute: name, value,...</doc>
<status status="PASS" start="2024-05-27T23:37:54.782694" elapsed="0.088999"/>
</kw>
<kw name="Should Be Equal" owner="BuiltIn">
<arg>${texto}</arg>
<arg>Cartão de Crédito\nFatura atual</arg>
<doc>Fails if the given objects are unequal.</doc>
<status status="PASS" start="2024-05-27T23:37:54.872694" elapsed="0.000000"/>
</kw>
<status status="PASS" start="2024-05-27T23:37:53.869158" elapsed="1.003536"/>
</kw>
<kw name="Teardown" owner="config" type="TEARDOWN">
<kw name="Run Keyword If Test Failed" owner="BuiltIn">
<arg>Capture Page Screenshot</arg>
<doc>Runs the given keyword with the given arguments, if the test failed.</doc>
<status status="PASS" start="2024-05-27T23:37:54.874694" elapsed="0.000000"/>
</kw>
<kw name="Close All Applications" owner="AppiumLibrary">
<doc>Closes all open applications.</doc>
<status status="PASS" start="2024-05-27T23:37:54.874694" elapsed="0.673002"/>
</kw>
<status status="PASS" start="2024-05-27T23:37:54.873696" elapsed="0.674000"/>
</kw>
<status status="PASS" start="2024-05-27T23:37:41.431938" elapsed="14.120756"/>
</test>
<status status="PASS" start="2024-05-27T23:37:41.065412" elapsed="14.494282"/>
</suite>
<statistics>
<total>
<stat pass="1" fail="0" skip="0">All Tests</stat>
</total>
<tag>
</tag>
<suite>
<stat pass="1" fail="0" skip="0" id="s1" name="paginaInicial">paginaInicial</stat>
</suite>
</statistics>
<errors>
<msg time="2024-05-27T23:37:53.870159" level="WARN">Keyword 'Get Element Attribute' found both from a custom library 'AppiumLibrary' and a standard library 'XML'. The custom keyword is used. To select explicitly, and to get rid of this warning, use either 'AppiumLibrary.Get Element Attribute' or 'XML.Get Element Attribute'.</msg>
<msg time="2024-05-27T23:37:54.782694" level="WARN">Keyword 'Get Element Attribute' found both from a custom library 'AppiumLibrary' and a standard library 'XML'. The custom keyword is used. To select explicitly, and to get rid of this warning, use either 'AppiumLibrary.Get Element Attribute' or 'XML.Get Element Attribute'.</msg>
</errors>
</robot>
